<?xml version="1.0" encoding="UTF-8"?>
<!-- Generated by org.testng.reporters.JUnitReportReporter -->
<testsuite skipped="0" hostname="XAV-602000241" name="Academy.LoginPageTest2" tests="2" failures="0" timestamp="2020-10-24T23:43:44 IST" time="9.776" errors="0">
  <testcase name="LoginPageNavigation" time="6.702" classname="Academy.LoginPageTest2"/>
  <system-out/>
  <testcase name="LoginPageNavigation" time="3.074" classname="Academy.LoginPageTest2"/>
  <system-out/>
</testsuite> <!-- Academy.LoginPageTest2 -->
